0 info it worked if it ends with ok
1 verbose cli [ '/usr/bin/node', '/usr/bin/npm', 'install', '-g', 'bowe' ]
2 info using npm@1.4.28
3 info using node@v0.10.37
4 verbose node symlink /usr/bin/node
5 verbose cache add [ 'bowe', null ]
6 verbose cache add name=undefined spec="bowe" args=["bowe",null]
7 verbose parsed url { protocol: null,
7 verbose parsed url   slashes: null,
7 verbose parsed url   auth: null,
7 verbose parsed url   host: null,
7 verbose parsed url   port: null,
7 verbose parsed url   hostname: null,
7 verbose parsed url   hash: null,
7 verbose parsed url   search: null,
7 verbose parsed url   query: null,
7 verbose parsed url   pathname: 'bowe',
7 verbose parsed url   path: 'bowe',
7 verbose parsed url   href: 'bowe' }
8 silly lockFile 3a6e115d-bowe bowe
9 verbose lock bowe /home/vasanth/.npm/3a6e115d-bowe.lock
10 silly lockFile 3a6e115d-bowe bowe
11 silly lockFile 3a6e115d-bowe bowe
12 verbose addNamed [ 'bowe', '' ]
13 verbose addNamed [ null, '*' ]
14 silly lockFile 8ddb64de-bowe bowe@
15 verbose lock bowe@ /home/vasanth/.npm/8ddb64de-bowe.lock
16 silly addNameRange { name: 'bowe', range: '*', hasData: false }
17 verbose request where is /bowe
18 verbose request registry https://registry.npmjs.org/
19 verbose request id 78b64fb287f03e85
20 verbose url raw /bowe
21 verbose url resolving [ 'https://registry.npmjs.org/', './bowe' ]
22 verbose url resolved https://registry.npmjs.org/bowe
23 verbose request where is https://registry.npmjs.org/bowe
24 info trying registry request attempt 1 at 17:44:40
25 http GET https://registry.npmjs.org/bowe
26 http 404 https://registry.npmjs.org/bowe
27 silly registry.get cb [ 404,
27 silly registry.get   { 'content-type': 'application/json',
27 silly registry.get     'cache-control': 'max-age=0',
27 silly registry.get     'content-length': '2',
27 silly registry.get     'accept-ranges': 'bytes',
27 silly registry.get     date: 'Wed, 28 Sep 2016 12:14:41 GMT',
27 silly registry.get     via: '1.1 varnish',
27 silly registry.get     age: '0',
27 silly registry.get     connection: 'keep-alive',
27 silly registry.get     'x-served-by': 'cache-lcy1132-LCY',
27 silly registry.get     'x-cache': 'MISS',
27 silly registry.get     'x-cache-hits': '0',
27 silly registry.get     'x-timer': 'S1475064880.926678,VS0,VE105',
27 silly registry.get     vary: 'Accept-Encoding' } ]
28 silly lockFile 8ddb64de-bowe bowe@
29 silly lockFile 8ddb64de-bowe bowe@
30 error 404 Not Found
30 error 404
30 error 404 'bowe' is not in the npm registry.
30 error 404 You should bug the author to publish it
30 error 404
30 error 404 Note that you can also install from a
30 error 404 tarball, folder, or http url, or git url.
31 error System Linux 4.2.0-27-generic
32 error command "/usr/bin/node" "/usr/bin/npm" "install" "-g" "bowe"
33 error cwd /var/www/html/blog/public
34 error node -v v0.10.37
35 error npm -v 1.4.28
36 error code E404
37 verbose exit [ 1, true ]
